[2019-06-25 12:39:20.601] [renderer1] [error] net::ERR_INTERNET_DISCONNECTED: {1}
[2019-06-25 12:39:32.496] [renderer1] [warning] UNRESPONSIVE extension host, 'ritwickdey.LiveServer' took 99% of 5220.151ms, saved PROFILE here: '/tmp/exthost-579520.cpuprofile' [{"id":"gc","total":33883,"percentage":1},{"id":"program","total":2572,"percentage":0},{"id":"ritwickdey.LiveServer","total":5179185,"percentage":99}]
[2019-06-25 12:39:32.504] [renderer1] [error] An unknown error occurred. Please consult the log for more details.
[2019-06-25 12:40:37.393] [renderer1] [error] net::ERR_INTERNET_DISCONNECTED: {1}
[2019-06-25 12:45:37.842] [renderer1] [error] Error: Error: ENOENT: no such file or directory, stat '/home/tanu/Desktop/marioplan/.vscode'
[2019-06-25 12:45:48.751] [renderer1] [warning] UNRESPONSIVE extension host, 'ecmel.vscode-html-css' took 82% of 5333.134ms, saved PROFILE here: '/tmp/exthost-9917c9.cpuprofile' [{"id":"dbaeumer.jshint","total":847434,"percentage":16},{"id":"ecmel.vscode-html-css","total":4357701,"percentage":82},{"id":"gc","total":49080,"percentage":1},{"id":"self","total":73398,"percentage":1}]
[2019-06-25 12:51:01.203] [renderer1] [error] TypeScript Server Error (3.5.1)
Cannot read property 'length' of undefined
TypeError: Cannot read property 'length' of undefined
    at Object.find (tsserver.js:377:35)
    at getReferencedSymbolsForModuleIfDeclaredBySourceFile (tsserver.js:102803:78)
    at Object.getReferencedSymbolsForNode (tsserver.js:102781:40)
    at Object.getReferenceEntriesForNode (tsserver.js:102523:58)
    at getSemanticDocumentHighlights (tsserver.js:101337:57)
    at Object.getDocumentHighlights (tsserver.js:101325:20)
    at Proxy.getDocumentHighlights (tsserver.js:122187:42)
    at IOSession.Session.getDocumentHighlights (tsserver.js:130772:71)
    at Session.handlers.ts.createMapFromTemplate._a.(anonymous function) (tsserver.js:130173:61)
    at tsserver.js:131637:88
    at IOSession.Session.executeWithRequestId (tsserver.js:131628:28)
    at IOSession.Session.executeCommand (tsserver.js:131637:33)
    at IOSession.Session.onMessage (tsserver.js:131659:35)
    at Interface.<anonymous> (tsserver.js:132950:27)
    at Interface.emit (events.js:182:13)
    at Interface._onLine (readline.js:290:10)
    at Interface._normalWrite (readline.js:433:12)
    at Socket.ondata (readline.js:149:10)
    at Socket.emit (events.js:182:13)
    at addChunk (_stream_readable.js:279:12)
    at readableAddChunk (_stream_readable.js:264:11)
    at Socket.Readable.push (_stream_readable.js:219:10)
    at Pipe.onread (net.js:636:20): Error: TypeScript Server Error (3.5.1)
Cannot read property 'length' of undefined
TypeError: Cannot read property 'length' of undefined
    at Object.find (tsserver.js:377:35)
    at getReferencedSymbolsForModuleIfDeclaredBySourceFile (tsserver.js:102803:78)
    at Object.getReferencedSymbolsForNode (tsserver.js:102781:40)
    at Object.getReferenceEntriesForNode (tsserver.js:102523:58)
    at getSemanticDocumentHighlights (tsserver.js:101337:57)
    at Object.getDocumentHighlights (tsserver.js:101325:20)
    at Proxy.getDocumentHighlights (tsserver.js:122187:42)
    at IOSession.Session.getDocumentHighlights (tsserver.js:130772:71)
    at Session.handlers.ts.createMapFromTemplate._a.(anonymous function) (tsserver.js:130173:61)
    at tsserver.js:131637:88
    at IOSession.Session.executeWithRequestId (tsserver.js:131628:28)
    at IOSession.Session.executeCommand (tsserver.js:131637:33)
    at IOSession.Session.onMessage (tsserver.js:131659:35)
    at Interface.<anonymous> (tsserver.js:132950:27)
    at Interface.emit (events.js:182:13)
    at Interface._onLine (readline.js:290:10)
    at Interface._normalWrite (readline.js:433:12)
    at Socket.ondata (readline.js:149:10)
    at Socket.emit (events.js:182:13)
    at addChunk (_stream_readable.js:279:12)
    at readableAddChunk (_stream_readable.js:264:11)
    at Socket.Readable.push (_stream_readable.js:219:10)
    at Pipe.onread (net.js:636:20)
    at Function.create (/usr/share/code/resources/app/extensions/typescript-language-features/dist/extension.js:1:197666)
    at v.dispatchResponse (/usr/share/code/resources/app/extensions/typescript-language-features/dist/extension.js:1:203034)
    at v.dispatchMessage (/usr/share/code/resources/app/extensions/typescript-language-features/dist/extension.js:1:201786)
    at constructor._reader.onData.e (/usr/share/code/resources/app/extensions/typescript-language-features/dist/extension.js:1:201142)
    at u.fire (/usr/share/code/resources/app/out/vs/workbench/services/extensions/node/extensionHostProcess.js:47:720)
    at t.Reader.onLengthData (/usr/share/code/resources/app/extensions/typescript-language-features/dist/extension.js:1:206446)
    at Socket.t.Reader.constructor.e.on.e (/usr/share/code/resources/app/extensions/typescript-language-features/dist/extension.js:1:206094)
    at Socket.emit (events.js:182:13)
    at Socket.EventEmitter.emit (domain.js:442:20)
    at addChunk (_stream_readable.js:279:12)
    at readableAddChunk (_stream_readable.js:264:11)
    at Socket.Readable.push (_stream_readable.js:219:10)
    at Pipe.onread (net.js:636:20)
