[2019-06-26 00:59:04.215] [exthost] [info] extension host started
[2019-06-26 00:59:04.378] [exthost] [info] ExtensionService#_doActivateExtension vscode.typescript-language-features {"startup":false,"activationEvent":"onLanguage:javascriptreact"}
[2019-06-26 00:59:04.378] [exthost] [info] ExtensionService#loadCommonJSModule /usr/share/code/resources/app/extensions/typescript-language-features/dist/extension
[2019-06-26 00:59:04.580] [exthost] [info] ExtensionService#_doActivateExtension bierner.lit-html {"startup":false,"activationEvent":"onLanguage:javascriptreact"}
[2019-06-26 00:59:04.580] [exthost] [info] ExtensionService#loadCommonJSModule /home/tanu/.vscode/extensions/bierner.lit-html-1.11.0/out/index.js
[2019-06-26 00:59:04.582] [exthost] [info] ExtensionService#_doActivateExtension christian-kohler.npm-intellisense {"startup":false,"activationEvent":"onLanguage:javascriptreact"}
[2019-06-26 00:59:04.582] [exthost] [info] ExtensionService#loadCommonJSModule /home/tanu/.vscode/extensions/christian-kohler.npm-intellisense-1.3.0/out/src/extension
[2019-06-26 00:59:04.611] [exthost] [info] ExtensionService#_doActivateExtension dbaeumer.jshint {"startup":false,"activationEvent":"onLanguage:javascriptreact"}
[2019-06-26 00:59:04.611] [exthost] [info] ExtensionService#loadCommonJSModule /home/tanu/.vscode/extensions/dbaeumer.jshint-0.10.20/jshint/out/extension
[2019-06-26 00:59:04.718] [exthost] [info] ExtensionService#_doActivateExtension ecmel.vscode-html-css {"startup":false,"activationEvent":"onLanguage:javascriptreact"}
[2019-06-26 00:59:04.718] [exthost] [info] ExtensionService#loadCommonJSModule /home/tanu/.vscode/extensions/ecmel.vscode-html-css-0.2.0/out/src/extension
[2019-06-26 00:59:05.105] [exthost] [info] ExtensionService#_doActivateExtension vscode.debug-auto-launch {"startup":true,"activationEvent":"*"}
[2019-06-26 00:59:05.105] [exthost] [info] ExtensionService#loadCommonJSModule /usr/share/code/resources/app/extensions/debug-auto-launch/dist/extension
[2019-06-26 00:59:05.108] [exthost] [info] ExtensionService#_doActivateExtension vscode.emmet {"startup":true,"activationEvent":"*"}
[2019-06-26 00:59:05.108] [exthost] [info] ExtensionService#loadCommonJSModule /usr/share/code/resources/app/extensions/emmet/dist/extension
[2019-06-26 00:59:05.135] [exthost] [info] ExtensionService#_doActivateExtension vscode.git {"startup":true,"activationEvent":"*"}
[2019-06-26 00:59:05.135] [exthost] [info] ExtensionService#loadCommonJSModule /usr/share/code/resources/app/extensions/git/dist/main
[2019-06-26 00:59:05.650] [exthost] [info] ExtensionService#_doActivateExtension vscode.merge-conflict {"startup":true,"activationEvent":"*"}
[2019-06-26 00:59:05.650] [exthost] [info] ExtensionService#loadCommonJSModule /usr/share/code/resources/app/extensions/merge-conflict/dist/extension
[2019-06-26 00:59:05.820] [exthost] [info] ExtensionService#_doActivateExtension christian-kohler.path-intellisense {"startup":true,"activationEvent":"*"}
[2019-06-26 00:59:05.820] [exthost] [info] ExtensionService#loadCommonJSModule /home/tanu/.vscode/extensions/christian-kohler.path-intellisense-1.4.2/out/src/extension
[2019-06-26 00:59:06.132] [exthost] [info] ExtensionService#_doActivateExtension dbaeumer.vscode-eslint {"startup":true,"activationEvent":"*"}
[2019-06-26 00:59:06.132] [exthost] [info] ExtensionService#loadCommonJSModule /home/tanu/.vscode/extensions/dbaeumer.vscode-eslint-1.9.0/client/out/extension
[2019-06-26 00:59:06.253] [exthost] [info] ExtensionService#_doActivateExtension Equinusocio.vsc-material-theme {"startup":true,"activationEvent":"*"}
[2019-06-26 00:59:06.253] [exthost] [info] ExtensionService#loadCommonJSModule /home/tanu/.vscode/extensions/equinusocio.vsc-material-theme-2.9.0/out/src/material.theme.config
[2019-06-26 00:59:06.711] [exthost] [info] ExtensionService#_doActivateExtension formulahendry.terminal {"startup":true,"activationEvent":"*"}
[2019-06-26 00:59:06.711] [exthost] [info] ExtensionService#loadCommonJSModule /home/tanu/.vscode/extensions/formulahendry.terminal-0.0.10/out/src/extension
[2019-06-26 00:59:06.908] [exthost] [info] ExtensionService#_doActivateExtension HookyQR.beautify {"startup":true,"activationEvent":"*"}
[2019-06-26 00:59:06.908] [exthost] [info] ExtensionService#loadCommonJSModule /home/tanu/.vscode/extensions/hookyqr.beautify-1.5.0/extension
[2019-06-26 00:59:08.249] [exthost] [info] ExtensionService#_doActivateExtension PKief.material-icon-theme {"startup":true,"activationEvent":"*"}
[2019-06-26 00:59:08.249] [exthost] [info] ExtensionService#loadCommonJSModule /home/tanu/.vscode/extensions/pkief.material-icon-theme-3.8.0/dist/extension
[2019-06-26 00:59:08.405] [exthost] [info] ExtensionService#_doActivateExtension ritwickdey.LiveServer {"startup":true,"activationEvent":"*"}
[2019-06-26 00:59:08.405] [exthost] [info] ExtensionService#loadCommonJSModule /home/tanu/.vscode/extensions/ritwickdey.liveserver-5.6.1/out/src/extension
[2019-06-26 00:59:20.325] [exthost] [info] ExtensionService#_doActivateExtension Zignd.html-css-class-completion {"startup":true,"activationEvent":"*"}
[2019-06-26 00:59:20.325] [exthost] [info] ExtensionService#loadCommonJSModule /home/tanu/.vscode/extensions/zignd.html-css-class-completion-1.19.0/out/src/extension
[2019-06-26 00:59:22.203] [exthost] [info] eager extensions activated
