[2019-06-26 09:48:33.458] [exthost] [info] extension host started
[2019-06-26 09:48:33.596] [exthost] [info] ExtensionService#_doActivateExtension vscode.typescript-language-features {"startup":false,"activationEvent":"onLanguage:javascriptreact"}
[2019-06-26 09:48:33.596] [exthost] [info] ExtensionService#loadCommonJSModule /usr/share/code/resources/app/extensions/typescript-language-features/dist/extension
[2019-06-26 09:48:34.003] [exthost] [info] ExtensionService#_doActivateExtension bierner.lit-html {"startup":false,"activationEvent":"onLanguage:javascriptreact"}
[2019-06-26 09:48:34.003] [exthost] [info] ExtensionService#loadCommonJSModule /home/tanu/.vscode/extensions/bierner.lit-html-1.11.0/out/index.js
[2019-06-26 09:48:34.027] [exthost] [info] ExtensionService#_doActivateExtension christian-kohler.npm-intellisense {"startup":false,"activationEvent":"onLanguage:javascriptreact"}
[2019-06-26 09:48:34.027] [exthost] [info] ExtensionService#loadCommonJSModule /home/tanu/.vscode/extensions/christian-kohler.npm-intellisense-1.3.0/out/src/extension
[2019-06-26 09:48:34.087] [exthost] [info] ExtensionService#_doActivateExtension dbaeumer.jshint {"startup":false,"activationEvent":"onLanguage:javascriptreact"}
[2019-06-26 09:48:34.087] [exthost] [info] ExtensionService#loadCommonJSModule /home/tanu/.vscode/extensions/dbaeumer.jshint-0.10.20/jshint/out/extension
[2019-06-26 09:48:34.848] [exthost] [info] ExtensionService#_doActivateExtension ecmel.vscode-html-css {"startup":false,"activationEvent":"onLanguage:javascriptreact"}
[2019-06-26 09:48:34.848] [exthost] [info] ExtensionService#loadCommonJSModule /home/tanu/.vscode/extensions/ecmel.vscode-html-css-0.2.0/out/src/extension
[2019-06-26 09:48:45.015] [exthost] [info] ExtensionService#_doActivateExtension vscode.debug-auto-launch {"startup":true,"activationEvent":"*"}
[2019-06-26 09:48:45.015] [exthost] [info] ExtensionService#loadCommonJSModule /usr/share/code/resources/app/extensions/debug-auto-launch/dist/extension
[2019-06-26 09:48:45.185] [exthost] [info] ExtensionService#_doActivateExtension vscode.emmet {"startup":true,"activationEvent":"*"}
[2019-06-26 09:48:45.185] [exthost] [info] ExtensionService#loadCommonJSModule /usr/share/code/resources/app/extensions/emmet/dist/extension
[2019-06-26 09:48:45.255] [exthost] [info] ExtensionService#_doActivateExtension vscode.git {"startup":true,"activationEvent":"*"}
[2019-06-26 09:48:45.255] [exthost] [info] ExtensionService#loadCommonJSModule /usr/share/code/resources/app/extensions/git/dist/main
[2019-06-26 09:48:45.703] [exthost] [info] ExtensionService#_doActivateExtension vscode.merge-conflict {"startup":true,"activationEvent":"*"}
[2019-06-26 09:48:45.703] [exthost] [info] ExtensionService#loadCommonJSModule /usr/share/code/resources/app/extensions/merge-conflict/dist/extension
[2019-06-26 09:48:45.838] [exthost] [info] ExtensionService#_doActivateExtension christian-kohler.path-intellisense {"startup":true,"activationEvent":"*"}
[2019-06-26 09:48:45.838] [exthost] [info] ExtensionService#loadCommonJSModule /home/tanu/.vscode/extensions/christian-kohler.path-intellisense-1.4.2/out/src/extension
[2019-06-26 09:48:45.969] [exthost] [info] ExtensionService#_doActivateExtension dbaeumer.vscode-eslint {"startup":true,"activationEvent":"*"}
[2019-06-26 09:48:45.969] [exthost] [info] ExtensionService#loadCommonJSModule /home/tanu/.vscode/extensions/dbaeumer.vscode-eslint-1.9.0/client/out/extension
[2019-06-26 09:48:46.089] [exthost] [info] ExtensionService#_doActivateExtension Equinusocio.vsc-material-theme {"startup":true,"activationEvent":"*"}
[2019-06-26 09:48:46.089] [exthost] [info] ExtensionService#loadCommonJSModule /home/tanu/.vscode/extensions/equinusocio.vsc-material-theme-2.9.0/out/src/material.theme.config
[2019-06-26 09:48:46.336] [exthost] [info] ExtensionService#_doActivateExtension formulahendry.terminal {"startup":true,"activationEvent":"*"}
[2019-06-26 09:48:46.336] [exthost] [info] ExtensionService#loadCommonJSModule /home/tanu/.vscode/extensions/formulahendry.terminal-0.0.10/out/src/extension
[2019-06-26 09:48:46.580] [exthost] [info] ExtensionService#_doActivateExtension HookyQR.beautify {"startup":true,"activationEvent":"*"}
[2019-06-26 09:48:46.580] [exthost] [info] ExtensionService#loadCommonJSModule /home/tanu/.vscode/extensions/hookyqr.beautify-1.5.0/extension
[2019-06-26 09:48:47.452] [exthost] [info] ExtensionService#_doActivateExtension PKief.material-icon-theme {"startup":true,"activationEvent":"*"}
[2019-06-26 09:48:47.452] [exthost] [info] ExtensionService#loadCommonJSModule /home/tanu/.vscode/extensions/pkief.material-icon-theme-3.8.0/dist/extension
[2019-06-26 09:48:47.571] [exthost] [info] ExtensionService#_doActivateExtension ritwickdey.LiveServer {"startup":true,"activationEvent":"*"}
[2019-06-26 09:48:47.571] [exthost] [info] ExtensionService#loadCommonJSModule /home/tanu/.vscode/extensions/ritwickdey.liveserver-5.6.1/out/src/extension
[2019-06-26 09:48:56.578] [exthost] [info] ExtensionService#_doActivateExtension Zignd.html-css-class-completion {"startup":true,"activationEvent":"*"}
[2019-06-26 09:48:56.578] [exthost] [info] ExtensionService#loadCommonJSModule /home/tanu/.vscode/extensions/zignd.html-css-class-completion-1.19.0/out/src/extension
[2019-06-26 09:49:02.375] [exthost] [info] eager extensions activated
[2019-06-26 09:56:51.779] [exthost] [info] ExtensionService#_doActivateExtension vscode.css-language-features {"startup":false,"activationEvent":"onLanguage:css"}
[2019-06-26 09:56:51.779] [exthost] [info] ExtensionService#loadCommonJSModule /usr/share/code/resources/app/extensions/css-language-features/client/dist/cssMain
[2019-06-26 10:00:40.046] [exthost] [info] ExtensionService#_doActivateExtension vscode.extension-editing {"startup":false,"activationEvent":"onLanguage:typescript"}
[2019-06-26 10:00:40.047] [exthost] [info] ExtensionService#loadCommonJSModule /usr/share/code/resources/app/extensions/extension-editing/dist/extension
