Looking for git in: git
Using git 2.7.4 from git
> git rev-parse --show-toplevel
> git config --get commit.template
Open repository: /home/tanu/Desktop/marioplan
> git status -z -u
> git check-ignore -v -z --stdin
> git symbolic-ref --short HEAD
> git rev-parse master
> git rev-parse --symbolic-full-name master@{u}
> git rev-list --left-right master...refs/remotes/origin/master
> git for-each-ref --format %(refname) %(objectname) --sort -committerdate
> git remote --verbose
> git check-ignore -v -z --stdin
> git check-ignore -v -z --stdin
> git check-ignore -v -z --stdin
> git check-ignore -v -z --stdin
> git show :src/components/dashboard/Dashboard.js
> git check-ignore -v -z --stdin
> git show :src/store/reducers/projectReducer.js
> git status -z -u
> git symbolic-ref --short HEAD
> git rev-parse master
> git rev-parse --symbolic-full-name master@{u}
> git rev-list --left-right master...refs/remotes/origin/master
> git for-each-ref --format %(refname) %(objectname) --sort -committerdate
> git remote --verbose
> git show :src/store/reducers/rootReducer.js
> git show :src/store/reducers/rootReducer.js
> git status -z -u
> git symbolic-ref --short HEAD
> git rev-parse master
> git rev-parse --symbolic-full-name master@{u}
> git rev-list --left-right master...refs/remotes/origin/master
> git for-each-ref --format %(refname) %(objectname) --sort -committerdate
> git remote --verbose
> git show :src/store/reducers/rootReducer.js
> git show :src/components/dashboard/Dashboard.js
> git status -z -u
> git symbolic-ref --short HEAD
> git rev-parse master
> git rev-parse --symbolic-full-name master@{u}
> git rev-list --left-right master...refs/remotes/origin/master
> git for-each-ref --format %(refname) %(objectname) --sort -committerdate
> git remote --verbose
> git show :src/store/reducers/rootReducer.js
> git show :src/store/reducers/rootReducer.js
> git show :src/store/reducers/projectReducer.js
> git show :src/store/reducers/rootReducer.js
> git show :src/components/dashboard/Dashboard.js
> git show :src/store/reducers/rootReducer.js
> git show :src/components/dashboard/Dashboard.js
> git show :src/store/reducers/rootReducer.js
> git show :src/store/reducers/projectReducer.js
> git show :src/components/dashboard/Dashboard.js
> git status -z -u
> git symbolic-ref --short HEAD
> git rev-parse master
> git rev-parse --symbolic-full-name master@{u}
> git rev-list --left-right master...refs/remotes/origin/master
> git for-each-ref --format %(refname) %(objectname) --sort -committerdate
> git remote --verbose
> git show :src/store/reducers/projectReducer.js
> git show :src/store/reducers/rootReducer.js
> git show :src/store/reducers/projectReducer.js
> git show :src/components/dashboard/Dashboard.js
> git status -z -u
> git symbolic-ref --short HEAD
> git rev-parse master
> git rev-parse --symbolic-full-name master@{u}
> git rev-list --left-right master...refs/remotes/origin/master
> git for-each-ref --format %(refname) %(objectname) --sort -committerdate
> git remote --verbose
> git show :src/components/project/ProjectList.js
> git status -z -u
> git symbolic-ref --short HEAD
> git rev-parse master
> git rev-parse --symbolic-full-name master@{u}
> git rev-list --left-right master...refs/remotes/origin/master
> git for-each-ref --format %(refname) %(objectname) --sort -committerdate
> git remote --verbose
> git show :src/components/project/ProjectSummary.js
> git status -z -u
> git symbolic-ref --short HEAD
> git rev-parse master
> git rev-parse --symbolic-full-name master@{u}
> git rev-list --left-right master...refs/remotes/origin/master
> git for-each-ref --format %(refname) %(objectname) --sort -committerdate
> git remote --verbose
